<?xml version="1.0" encoding="UTF-8"?>
<!-- Generated by org.testng.reporters.JUnitReportReporter -->
<testsuite hostname="DESKTOP-PF3KS85" failures="0" tests="1" name="com.callTest.testCallOne" time="1.620" errors="0" timestamp="2025-03-24T22:50:44 IST" skipped="0">
  <testcase classname="com.callTest.testCallOne" name="method_three" time="1.620"/>
</testsuite> <!-- com.callTest.testCallOne -->
