<?xml version="1.0" encoding="UTF-8"?>
<!-- Generated by org.testng.reporters.JUnitReportReporter -->
<testsuite hostname="DESKTOP-PF3KS85" failures="0" tests="1" name="com.callTest.testCall" time="3.933" errors="0" timestamp="2025-03-15T22:46:57 IST" skipped="0">
  <testcase classname="com.callTest.testCall" name="method_one" time="3.933"/>
</testsuite> <!-- com.callTest.testCall -->
