<?xml version="1.0" encoding="UTF-8"?>
<!-- Generated by org.testng.reporters.JUnitReportReporter -->
<testsuite hostname="DESKTOP-PF3KS85" failures="0" tests="1" name="com.callTest.testCall" time="2.714" errors="0" timestamp="2025-03-15T09:40:02 IST" skipped="0">
  <testcase classname="com.callTest.testCall" name="testCall" time="2.714"/>
</testsuite> <!-- com.callTest.testCall -->
