<?xml version="1.0" encoding="UTF-8"?>
<!-- Generated by org.testng.reporters.JUnitReportReporter -->
<testsuite hostname="DESKTOP-PF3KS85" failures="0" tests="3" name="com.baseClass.baseClass" time="3.147" errors="0" timestamp="2025-03-15T09:28:31 IST" skipped="0">
  <testcase classname="com.baseClass.baseClass" name="configReader" time="0.012"/>
  <testcase classname="com.baseClass.baseClass" name="intBrowser" time="1.473"/>
  <testcase classname="com.baseClass.baseClass" name="invokeUrl" time="1.662"/>
</testsuite> <!-- com.baseClass.baseClass -->
