<?xml version="1.0" encoding="UTF-8"?>
<!-- Generated by org.testng.reporters.JUnitReportReporter -->
<testsuite hostname="DESKTOP-PF3KS85" failures="0" tests="3" name="com.baseClass.baseClass" time="4.516" errors="0" timestamp="2025-04-03T18:32:01 IST" skipped="0">
  <testcase classname="com.baseClass.baseClass" name="configReader" time="0.016"/>
  <testcase classname="com.baseClass.baseClass" name="invokeUrl" time="1.852"/>
  <testcase classname="com.baseClass.baseClass" name="intBrowser" time="2.648"/>
</testsuite> <!-- com.baseClass.baseClass -->
