<?xml version="1.0" encoding="UTF-8"?>
<!-- Generated by org.testng.reporters.JUnitReportReporter -->
<testsuite hostname="DESKTOP-PF3KS85" failures="0" tests="5" name="com.baseClass.performFunctionalities" time="2.031" errors="0" timestamp="2025-04-03T18:32:01 IST" skipped="0">
  <testcase classname="com.baseClass.performFunctionalities" name="scrollToElement" time="0.343"/>
  <testcase classname="com.baseClass.performFunctionalities" name="selectCity" time="0.456"/>
  <testcase classname="com.baseClass.performFunctionalities" name="dateselection" time="0.388"/>
  <testcase classname="com.baseClass.performFunctionalities" name="tripType" time="0.134"/>
  <testcase classname="com.baseClass.performFunctionalities" name="selectCountry" time="0.710"/>
</testsuite> <!-- com.baseClass.performFunctionalities -->
