<?xml version="1.0" encoding="UTF-8"?>
<!-- Generated by org.testng.reporters.JUnitReportReporter -->
<testsuite hostname="DESKTOP-PF3KS85" failures="0" tests="6" name="com.callTest.testCallTwo" time="2.744" errors="0" timestamp="2025-03-24T22:50:44 IST" skipped="0">
  <testcase classname="com.callTest.testCallTwo" name="method_four" time="0.709"/>
  <testcase classname="com.callTest.testCallTwo" name="method_eight" time="0.329"/>
  <testcase classname="com.callTest.testCallTwo" name="method_seven" time="0.308"/>
  <testcase classname="com.callTest.testCallTwo" name="method_five" time="0.095"/>
  <testcase classname="com.callTest.testCallTwo" name="method_three" time="0.604"/>
  <testcase classname="com.callTest.testCallTwo" name="method_six" time="0.699"/>
</testsuite> <!-- com.callTest.testCallTwo -->
