<?xml version="1.0" encoding="UTF-8"?>
<!-- Generated by org.testng.reporters.JUnitReportReporter -->
<testsuite hostname="DESKTOP-PF3KS85" failures="0" tests="6" name="com.callTest.testCallTwo" time="2.434" errors="0" timestamp="2025-03-25T09:59:22 IST" skipped="0">
  <testcase classname="com.callTest.testCallTwo" name="method_four" time="0.573"/>
  <testcase classname="com.callTest.testCallTwo" name="method_three" time="0.396"/>
  <testcase classname="com.callTest.testCallTwo" name="method_five" time="0.107"/>
  <testcase classname="com.callTest.testCallTwo" name="method_six" time="0.683"/>
  <testcase classname="com.callTest.testCallTwo" name="method_eight" time="0.335"/>
  <testcase classname="com.callTest.testCallTwo" name="method_seven" time="0.340"/>
</testsuite> <!-- com.callTest.testCallTwo -->
