<?xml version="1.0" encoding="UTF-8"?>
<!-- Generated by org.testng.reporters.JUnitReportReporter -->
<testsuite hostname="DESKTOP-PF3KS85" failures="0" tests="6" name="com.callTest.testCallTwo" time="2.589" errors="0" timestamp="2025-03-25T09:13:29 IST" skipped="0">
  <testcase classname="com.callTest.testCallTwo" name="method_eight" time="0.347"/>
  <testcase classname="com.callTest.testCallTwo" name="method_six" time="0.618"/>
  <testcase classname="com.callTest.testCallTwo" name="method_five" time="0.095"/>
  <testcase classname="com.callTest.testCallTwo" name="method_seven" time="0.313"/>
  <testcase classname="com.callTest.testCallTwo" name="method_three" time="0.537"/>
  <testcase classname="com.callTest.testCallTwo" name="method_four" time="0.679"/>
</testsuite> <!-- com.callTest.testCallTwo -->
