<?xml version="1.0" encoding="UTF-8"?>
<!-- Generated by org.testng.reporters.JUnitReportReporter -->
<testsuite hostname="DESKTOP-PF3KS85" failures="0" tests="6" name="com.callTest.testCallTwo" time="4.536" errors="0" timestamp="2025-03-25T09:18:11 IST" skipped="0">
  <testcase classname="com.callTest.testCallTwo" name="method_five" time="0.647"/>
  <testcase classname="com.callTest.testCallTwo" name="method_four" time="0.590"/>
  <testcase classname="com.callTest.testCallTwo" name="method_six" time="0.523"/>
  <testcase classname="com.callTest.testCallTwo" name="method_seven" time="1.987"/>
  <testcase classname="com.callTest.testCallTwo" name="method_eight" time="0.394"/>
  <testcase classname="com.callTest.testCallTwo" name="method_three" time="0.395"/>
</testsuite> <!-- com.callTest.testCallTwo -->
